<?xml version="1.0" encoding="UTF-8"?>
<!-- Generated by org.testng.reporters.JUnitReportReporter -->
<testsuite hostname="BOOK-J46MRKCIDC" failures="0" tests="1" name="tests.CreatePostTest" time="2.089" errors="0" timestamp="2025-05-12T18:50:11 EDT" skipped="0">
  <testcase classname="tests.CreatePostTest" name="createPost" time="2.089"/>
  <system-out/>
</testsuite> <!-- tests.CreatePostTest -->
