<?xml version="1.0" encoding="UTF-8"?>
<!-- Generated by org.testng.reporters.JUnitReportReporter -->
<testsuite hostname="BOOK-J46MRKCIDC" failures="0" tests="2" name="tests.GetUsersTest" time="1.521" errors="0" timestamp="2025-05-12T18:50:11 EDT" skipped="0">
  <testcase classname="tests.GetUsersTest" name="getSingleUser" time="0.135"/>
  <system-out/>
  <testcase classname="tests.GetUsersTest" name="getAllUsers" time="1.386"/>
  <system-out/>
</testsuite> <!-- tests.GetUsersTest -->
